Analysis & Synthesis report for ADPLL_5_3_Quartus
Thu Apr 13 07:42:12 2023
Quartus Prime Version 22.1std.1 Build 917 02/14/2023 SC Lite Edition


---------------------
; Table of Contents ;
---------------------
  1. Legal Notice
  2. Analysis & Synthesis Summary
  3. Analysis & Synthesis Settings
  4. Parallel Compilation
  5. Analysis & Synthesis Messages
  6. Analysis & Synthesis Suppressed Messages



----------------
; Legal Notice ;
----------------
Copyright (C) 2023  Intel Corporation. All rights reserved.
Your use of Intel Corporation's design tools, logic functions 
and other software and tools, and any partner logic 
functions, and any output files from any of the foregoing 
(including device programming or simulation files), and any 
associated documentation or information are expressly subject 
to the terms and conditions of the Intel Program License 
Subscription Agreement, the Intel Quartus Prime License Agreement,
the Intel FPGA IP License Agreement, or other applicable license
agreement, including, without limitation, that your use is for
the sole purpose of programming logic devices manufactured by
Intel and sold by Intel or its authorized distributors.  Please
refer to the applicable agreement for further details, at
https://fpgasoftware.intel.com/eula.



+------------------------------------------------------------------------------+
; Analysis & Synthesis Summary                                                 ;
+-----------------------------+------------------------------------------------+
; Analysis & Synthesis Status ; Failed - Thu Apr 13 07:42:12 2023              ;
; Quartus Prime Version       ; 22.1std.1 Build 917 02/14/2023 SC Lite Edition ;
; Revision Name               ; ADPLL_5_3_Quartus                              ;
; Top-level Entity Name       ; ADPLL_5_3_Quartus                              ;
; Family                      ; Cyclone V                                      ;
; Logic utilization (in ALMs) ; N/A until Partition Merge                      ;
; Total registers             ; N/A until Partition Merge                      ;
; Total pins                  ; N/A until Partition Merge                      ;
; Total virtual pins          ; N/A until Partition Merge                      ;
; Total block memory bits     ; N/A until Partition Merge                      ;
; Total PLLs                  ; N/A until Partition Merge                      ;
; Total DLLs                  ; N/A until Partition Merge                      ;
+-----------------------------+------------------------------------------------+


+---------------------------------------------------------------------------------------------------------------------------+
; Analysis & Synthesis Settings                                                                                             ;
+---------------------------------------------------------------------------------+--------------------+--------------------+
; Option                                                                          ; Setting            ; Default Value      ;
+---------------------------------------------------------------------------------+--------------------+--------------------+
; Device                                                                          ; 5CGXFC7C7F23C8     ;                    ;
; Top-level entity name                                                           ; ADPLL_5_3_Quartus  ; ADPLL_5_3_Quartus  ;
; Family name                                                                     ; Cyclone V          ; Cyclone V          ;
; Use smart compilation                                                           ; Off                ; Off                ;
; Enable parallel Assembler and Timing Analyzer during compilation                ; On                 ; On                 ;
; Enable compact report table                                                     ; Off                ; Off                ;
; Restructure Multiplexers                                                        ; Auto               ; Auto               ;
; MLAB Add Timing Constraints For Mixed-Port Feed-Through Mode Setting Don't Care ; Off                ; Off                ;
; Create Debugging Nodes for IP Cores                                             ; Off                ; Off                ;
; Preserve fewer node names                                                       ; On                 ; On                 ;
; Intel FPGA IP Evaluation Mode                                                   ; Enable             ; Enable             ;
; Verilog Version                                                                 ; Verilog_2001       ; Verilog_2001       ;
; VHDL Version                                                                    ; VHDL_1993          ; VHDL_1993          ;
; State Machine Processing                                                        ; Auto               ; Auto               ;
; Safe State Machine                                                              ; Off                ; Off                ;
; Extract Verilog State Machines                                                  ; On                 ; On                 ;
; Extract VHDL State Machines                                                     ; On                 ; On                 ;
; Ignore Verilog initial constructs                                               ; Off                ; Off                ;
; Iteration limit for constant Verilog loops                                      ; 5000               ; 5000               ;
; Iteration limit for non-constant Verilog loops                                  ; 250                ; 250                ;
; Add Pass-Through Logic to Inferred RAMs                                         ; On                 ; On                 ;
; Infer RAMs from Raw Logic                                                       ; On                 ; On                 ;
; Parallel Synthesis                                                              ; On                 ; On                 ;
; DSP Block Balancing                                                             ; Auto               ; Auto               ;
; NOT Gate Push-Back                                                              ; On                 ; On                 ;
; Power-Up Don't Care                                                             ; On                 ; On                 ;
; Remove Redundant Logic Cells                                                    ; Off                ; Off                ;
; Remove Duplicate Registers                                                      ; On                 ; On                 ;
; Ignore CARRY Buffers                                                            ; Off                ; Off                ;
; Ignore CASCADE Buffers                                                          ; Off                ; Off                ;
; Ignore GLOBAL Buffers                                                           ; Off                ; Off                ;
; Ignore ROW GLOBAL Buffers                                                       ; Off                ; Off                ;
; Ignore LCELL Buffers                                                            ; Off                ; Off                ;
; Ignore SOFT Buffers                                                             ; On                 ; On                 ;
; Limit AHDL Integers to 32 Bits                                                  ; Off                ; Off                ;
; Optimization Technique                                                          ; Balanced           ; Balanced           ;
; Carry Chain Length                                                              ; 70                 ; 70                 ;
; Auto Carry Chains                                                               ; On                 ; On                 ;
; Auto Open-Drain Pins                                                            ; On                 ; On                 ;
; Perform WYSIWYG Primitive Resynthesis                                           ; Off                ; Off                ;
; Auto ROM Replacement                                                            ; On                 ; On                 ;
; Auto RAM Replacement                                                            ; On                 ; On                 ;
; Auto DSP Block Replacement                                                      ; On                 ; On                 ;
; Auto Shift Register Replacement                                                 ; Auto               ; Auto               ;
; Allow Shift Register Merging across Hierarchies                                 ; Auto               ; Auto               ;
; Auto Clock Enable Replacement                                                   ; On                 ; On                 ;
; Strict RAM Replacement                                                          ; Off                ; Off                ;
; Allow Synchronous Control Signals                                               ; On                 ; On                 ;
; Force Use of Synchronous Clear Signals                                          ; Off                ; Off                ;
; Auto Resource Sharing                                                           ; Off                ; Off                ;
; Allow Any RAM Size For Recognition                                              ; Off                ; Off                ;
; Allow Any ROM Size For Recognition                                              ; Off                ; Off                ;
; Allow Any Shift Register Size For Recognition                                   ; Off                ; Off                ;
; Use LogicLock Constraints during Resource Balancing                             ; On                 ; On                 ;
; Ignore translate_off and synthesis_off directives                               ; Off                ; Off                ;
; Timing-Driven Synthesis                                                         ; On                 ; On                 ;
; Report Parameter Settings                                                       ; On                 ; On                 ;
; Report Source Assignments                                                       ; On                 ; On                 ;
; Report Connectivity Checks                                                      ; On                 ; On                 ;
; Ignore Maximum Fan-Out Assignments                                              ; Off                ; Off                ;
; Synchronization Register Chain Length                                           ; 3                  ; 3                  ;
; Power Optimization During Synthesis                                             ; Normal compilation ; Normal compilation ;
; HDL message level                                                               ; Level2             ; Level2             ;
; Suppress Register Optimization Related Messages                                 ; Off                ; Off                ;
; Number of Removed Registers Reported in Synthesis Report                        ; 5000               ; 5000               ;
; Number of Swept Nodes Reported in Synthesis Report                              ; 5000               ; 5000               ;
; Number of Inverted Registers Reported in Synthesis Report                       ; 100                ; 100                ;
; Clock MUX Protection                                                            ; On                 ; On                 ;
; Auto Gated Clock Conversion                                                     ; Off                ; Off                ;
; Block Design Naming                                                             ; Auto               ; Auto               ;
; SDC constraint protection                                                       ; Off                ; Off                ;
; Synthesis Effort                                                                ; Auto               ; Auto               ;
; Shift Register Replacement - Allow Asynchronous Clear Signal                    ; On                 ; On                 ;
; Pre-Mapping Resynthesis Optimization                                            ; Off                ; Off                ;
; Analysis & Synthesis Message Level                                              ; Medium             ; Medium             ;
; Disable Register Merging Across Hierarchies                                     ; Auto               ; Auto               ;
; Resource Aware Inference For Block RAM                                          ; On                 ; On                 ;
; Automatic Parallel Synthesis                                                    ; On                 ; On                 ;
; Partial Reconfiguration Bitstream ID                                            ; Off                ; Off                ;
+---------------------------------------------------------------------------------+--------------------+--------------------+


+------------------------------------------+
; Parallel Compilation                     ;
+----------------------------+-------------+
; Processors                 ; Number      ;
+----------------------------+-------------+
; Number detected on machine ; 8           ;
; Maximum allowed            ; 4           ;
;                            ;             ;
; Average used               ; 1.00        ;
; Maximum used               ; 1           ;
;                            ;             ;
; Usage by Processor         ; % Time Used ;
;     Processor 1            ; 100.0%      ;
+----------------------------+-------------+


+-------------------------------+
; Analysis & Synthesis Messages ;
+-------------------------------+
Info: *******************************************************************
Info: Running Quartus Prime Analysis & Synthesis
    Info: Version 22.1std.1 Build 917 02/14/2023 SC Lite Edition
    Info: Processing started: Thu Apr 13 07:42:04 2023
Info: Command: quartus_map --read_settings_files=on --write_settings_files=off ADPLL_5_3_Quartus -c ADPLL_5_3_Quartus
Warning (18236): Number of processors has not been specified which may cause overloading on shared machines.  Set the global assignment NUM_PARALLEL_PROCESSORS in your QSF to an appropriate value for best performance.
Info (20030): Parallel compilation is enabled and will use 4 of the 4 processors detected
Info (12021): Found 2 design units, including 2 entities, in source file ringoscillator.sv
    Info (12023): Found entity 1: ringOscillator File: C:/Users/uwtpatron/Desktop/ADPLL_5_3/ringOscillator.sv Line: 11
    Info (12023): Found entity 2: ringOscillator_tb File: C:/Users/uwtpatron/Desktop/ADPLL_5_3/ringOscillator.sv Line: 29
Info (12021): Found 2 design units, including 2 entities, in source file ring.sv
    Info (12023): Found entity 1: Ring File: C:/Users/uwtpatron/Desktop/ADPLL_5_3/Ring.sv Line: 3
    Info (12023): Found entity 2: Ring_tb File: C:/Users/uwtpatron/Desktop/ADPLL_5_3/Ring.sv Line: 29
Info (12021): Found 2 design units, including 2 entities, in source file oneshot.sv
    Info (12023): Found entity 1: oneShot File: C:/Users/uwtpatron/Desktop/ADPLL_5_3/oneShot.sv Line: 3
    Info (12023): Found entity 2: oneShot_tb File: C:/Users/uwtpatron/Desktop/ADPLL_5_3/oneShot.sv Line: 23
Info (12021): Found 2 design units, including 2 entities, in source file number_division.sv
    Info (12023): Found entity 1: Number_Division File: C:/Users/uwtpatron/Desktop/ADPLL_5_3/Number_Division.sv Line: 4
    Info (12023): Found entity 2: tb_division File: C:/Users/uwtpatron/Desktop/ADPLL_5_3/Number_Division.sv Line: 40
Info (12021): Found 2 design units, including 2 entities, in source file multiple_calculator.sv
    Info (12023): Found entity 1: Multiple_Calculator File: C:/Users/uwtpatron/Desktop/ADPLL_5_3/Multiple_Calculator.sv Line: 14
    Info (12023): Found entity 2: Multiple_Calculator_2_Tb File: C:/Users/uwtpatron/Desktop/ADPLL_5_3/Multiple_Calculator.sv Line: 126
Info (12021): Found 1 design units, including 1 entities, in source file freq_ratio.sv
    Info (12023): Found entity 1: Freq_ratio File: C:/Users/uwtpatron/Desktop/ADPLL_5_3/Freq_ratio.sv Line: 8
Info (12021): Found 2 design units, including 2 entities, in source file divider.sv
    Info (12023): Found entity 1: Divider File: C:/Users/uwtpatron/Desktop/ADPLL_5_3/Divider.sv Line: 2
    Info (12023): Found entity 2: Divider_With_Decimal_tb File: C:/Users/uwtpatron/Desktop/ADPLL_5_3/Divider.sv Line: 65
Info (12021): Found 2 design units, including 2 entities, in source file dff1.sv
    Info (12023): Found entity 1: DFF1 File: C:/Users/uwtpatron/Desktop/ADPLL_5_3/DFF1.sv Line: 3
    Info (12023): Found entity 2: DFF1_tb File: C:/Users/uwtpatron/Desktop/ADPLL_5_3/DFF1.sv Line: 30
Info (12021): Found 2 design units, including 2 entities, in source file controller.sv
    Info (12023): Found entity 1: Controller File: C:/Users/uwtpatron/Desktop/ADPLL_5_3/Controller.sv Line: 5
    Info (12023): Found entity 2: Controller_TB File: C:/Users/uwtpatron/Desktop/ADPLL_5_3/Controller.sv Line: 41
Info (12021): Found 2 design units, including 2 entities, in source file apdll.sv
    Info (12023): Found entity 1: ADPLL File: C:/Users/uwtpatron/Desktop/ADPLL_5_3/APDLL.sv Line: 10
    Info (12023): Found entity 2: ADPLL_TB File: C:/Users/uwtpatron/Desktop/ADPLL_5_3/APDLL.sv Line: 52
Info (12021): Found 1 design units, including 1 entities, in source file c5g_input.v
    Info (12023): Found entity 1: C5G_Input File: C:/Users/uwtpatron/Desktop/ADPLL_5_3/C5G_Input.v Line: 6
Warning (10236): Verilog HDL Implicit Net warning at Ring.sv(12): created implicit net for "En" File: C:/Users/uwtpatron/Desktop/ADPLL_5_3/Ring.sv Line: 12
Error (12007): Top-level design entity "ADPLL_5_3_Quartus" is undefined
Info (144001): Generated suppressed messages file C:/Users/uwtpatron/Desktop/ADPLL_5_3/output_files/ADPLL_5_3_Quartus.map.smsg
Error: Quartus Prime Analysis & Synthesis was unsuccessful. 1 error, 2 warnings
    Error: Peak virtual memory: 4773 megabytes
    Error: Processing ended: Thu Apr 13 07:42:13 2023
    Error: Elapsed time: 00:00:09
    Error: Total CPU time (on all processors): 00:00:20


+------------------------------------------+
; Analysis & Synthesis Suppressed Messages ;
+------------------------------------------+
The suppressed messages can be found in C:/Users/uwtpatron/Desktop/ADPLL_5_3/output_files/ADPLL_5_3_Quartus.map.smsg.


